2025-09-16 16:56:13 [main] INFO  [] c.b.calculator.CalculatorApplication - Starting CalculatorApplication v0.0.1-SNAPSHOT using Java 21.0.8 with PID 1 (/app.jar started by root in /)
2025-09-16 16:56:14 [main] DEBUG [] c.b.calculator.CalculatorApplication - Running with Spring Boot v3.5.5, Spring v6.2.10
2025-09-16 16:56:14 [main] INFO  [] c.b.calculator.CalculatorApplication - No active profile set, falling back to 1 default profile: "default"
2025-09-16 16:56:15 [main] INFO  [] o.s.b.w.e.tomcat.TomcatWebServer - Tomcat initialized with port 8081 (http)
2025-09-16 16:56:15 [main] INFO  [] o.a.coyote.http11.Http11NioProtocol - Initializing ProtocolHandler ["http-nio-8081"]
2025-09-16 16:56:15 [main] INFO  [] o.a.catalina.core.StandardService - Starting service [Tomcat]
2025-09-16 16:56:15 [main] INFO  [] o.a.catalina.core.StandardEngine - Starting Servlet engine: [Apache Tomcat/10.1.44]
2025-09-16 16:56:15 [main] INFO  [] o.a.c.c.C.[Tomcat].[localhost].[/] - Initializing Spring embedded WebApplicationContext
2025-09-16 16:56:15 [main] INFO  [] o.s.b.w.s.c.ServletWebServerApplicationContext - Root WebApplicationContext: initialization completed in 1674 ms
2025-09-16 16:56:16 [main] INFO  [] c.b.c.CalculatorKafkaListener - Estratégias de operação inicializadas: [MULTIPLY, SUBTRACT, DIVIDE, SUM]
2025-09-16 16:56:16 [main] INFO  [] o.s.v.b.OptionalValidatorFactoryBean - Failed to set up a Bean Validation provider: jakarta.validation.NoProviderFoundException: Unable to create a Configuration, because no Jakarta Bean Validation provider could be found. Add a provider like Hibernate Validator (RI) to your classpath.
2025-09-16 16:56:17 [main] INFO  [] o.a.coyote.http11.Http11NioProtocol - Starting ProtocolHandler ["http-nio-8081"]
2025-09-16 16:56:17 [main] INFO  [] o.s.b.w.e.tomcat.TomcatWebServer - Tomcat started on port 8081 (http) with context path '/'
2025-09-16 16:56:17 [main] INFO  [] o.a.k.c.consumer.ConsumerConfig - ConsumerConfig values: 
	allow.auto.create.topics = true
	auto.commit.interval.ms = 5000
	auto.include.jmx.reporter = true
	auto.offset.reset = earliest
	bootstrap.servers = [kafka:9092]
	check.crcs = true
	client.dns.lookup = use_all_dns_ips
	client.id = consumer-calculator-1
	client.rack = 
	connections.max.idle.ms = 540000
	default.api.timeout.ms = 60000
	enable.auto.commit = false
	enable.metrics.push = true
	exclude.internal.topics = true
	fetch.max.bytes = 52428800
	fetch.max.wait.ms = 500
	fetch.min.bytes = 1
	group.id = calculator
	group.instance.id = null
	group.protocol = classic
	group.remote.assignor = null
	heartbeat.interval.ms = 3000
	interceptor.classes = []
	internal.leave.group.on.close = true
	internal.throw.on.fetch.stable.offset.unsupported = false
	isolation.level = read_uncommitted
	key.deserializer = class org.apache.kafka.common.serialization.StringDeserializer
	max.partition.fetch.bytes = 1048576
	max.poll.interval.ms = 300000
	max.poll.records = 10
	metadata.max.age.ms = 300000
	metadata.recovery.strategy = none
	metric.reporters = []
	metrics.num.samples = 2
	metrics.recording.level = INFO
	metrics.sample.window.ms = 30000
	partition.assignment.strategy = [class org.apache.kafka.clients.consumer.RangeAssignor, class org.apache.kafka.clients.consumer.CooperativeStickyAssignor]
	receive.buffer.bytes = 65536
	reconnect.backoff.max.ms = 1000
	reconnect.backoff.ms = 50
	request.timeout.ms = 30000
	retry.backoff.max.ms = 1000
	retry.backoff.ms = 100
	sasl.client.callback.handler.class = null
	sasl.jaas.config = null
	sasl.kerberos.kinit.cmd = /usr/bin/kinit
	sasl.kerberos.min.time.before.relogin = 60000
	sasl.kerberos.service.name = null
	sasl.kerberos.ticket.renew.jitter = 0.05
	sasl.kerberos.ticket.renew.window.factor = 0.8
	sasl.login.callback.handler.class = null
	sasl.login.class = null
	sasl.login.connect.timeout.ms = null
	sasl.login.read.timeout.ms = null
	sasl.login.refresh.buffer.seconds = 300
	sasl.login.refresh.min.period.seconds = 60
	sasl.login.refresh.window.factor = 0.8
	sasl.login.refresh.window.jitter = 0.05
	sasl.login.retry.backoff.max.ms = 10000
	sasl.login.retry.backoff.ms = 100
	sasl.mechanism = GSSAPI
	sasl.oauthbearer.clock.skew.seconds = 30
	sasl.oauthbearer.expected.audience = null
	sasl.oauthbearer.expected.issuer = null
	sasl.oauthbearer.header.urlencode = false
	sasl.oauthbearer.jwks.endpoint.refresh.ms = 3600000
	sasl.oauthbearer.jwks.endpoint.retry.backoff.max.ms = 10000
	sasl.oauthbearer.jwks.endpoint.retry.backoff.ms = 100
	sasl.oauthbearer.jwks.endpoint.url = null
	sasl.oauthbearer.scope.claim.name = scope
	sasl.oauthbearer.sub.claim.name = sub
	sasl.oauthbearer.token.endpoint.url = null
	security.protocol = PLAINTEXT
	security.providers = null
	send.buffer.bytes = 131072
	session.timeout.ms = 45000
	socket.connection.setup.timeout.max.ms = 30000
	socket.connection.setup.timeout.ms = 10000
	ssl.cipher.suites = null
	ssl.enabled.protocols = [TLSv1.2, TLSv1.3]
	ssl.endpoint.identification.algorithm = https
	ssl.engine.factory.class = null
	ssl.key.password = null
	ssl.keymanager.algorithm = SunX509
	ssl.keystore.certificate.chain = null
	ssl.keystore.key = null
	ssl.keystore.location = null
	ssl.keystore.password = null
	ssl.keystore.type = JKS
	ssl.protocol = TLSv1.3
	ssl.provider = null
	ssl.secure.random.implementation = null
	ssl.trustmanager.algorithm = PKIX
	ssl.truststore.certificates = null
	ssl.truststore.location = null
	ssl.truststore.password = null
	ssl.truststore.type = JKS
	value.deserializer = class org.apache.kafka.common.serialization.StringDeserializer

2025-09-16 16:56:17 [main] INFO  [] o.a.k.c.t.i.KafkaMetricsCollector - initializing Kafka metrics collector
2025-09-16 16:56:18 [main] INFO  [] o.a.kafka.common.utils.AppInfoParser - Kafka version: 3.9.1
2025-09-16 16:56:18 [main] INFO  [] o.a.kafka.common.utils.AppInfoParser - Kafka commitId: f745dfdcee2b9851
2025-09-16 16:56:18 [main] INFO  [] o.a.kafka.common.utils.AppInfoParser - Kafka startTimeMs: 1758041778125
2025-09-16 16:56:18 [main] INFO  [] o.a.k.c.c.i.ClassicKafkaConsumer - [Consumer clientId=consumer-calculator-1, groupId=calculator] Subscribed to topic(s): calculator-requests
2025-09-16 16:56:18 [main] INFO  [] c.b.calculator.CalculatorApplication - Started CalculatorApplication in 5.556 seconds (process running for 6.673)
2025-09-16 16:56:18 [org.springframework.kafka.KafkaListenerEndpointContainer#0-0-C-1] INFO  [] o.apache.kafka.clients.NetworkClient - [Consumer clientId=consumer-calculator-1, groupId=calculator] Node -1 disconnected.
2025-09-16 16:56:18 [org.springframework.kafka.KafkaListenerEndpointContainer#0-0-C-1] WARN  [] o.apache.kafka.clients.NetworkClient - [Consumer clientId=consumer-calculator-1, groupId=calculator] Connection to node -1 (kafka/172.18.0.3:9092) could not be established. Node may not be available.
2025-09-16 16:56:18 [org.springframework.kafka.KafkaListenerEndpointContainer#0-0-C-1] WARN  [] o.apache.kafka.clients.NetworkClient - [Consumer clientId=consumer-calculator-1, groupId=calculator] Bootstrap broker kafka:9092 (id: -1 rack: null) disconnected
2025-09-16 16:56:18 [org.springframework.kafka.KafkaListenerEndpointContainer#0-0-C-1] INFO  [] o.apache.kafka.clients.NetworkClient - [Consumer clientId=consumer-calculator-1, groupId=calculator] Node -1 disconnected.
2025-09-16 16:56:18 [org.springframework.kafka.KafkaListenerEndpointContainer#0-0-C-1] WARN  [] o.apache.kafka.clients.NetworkClient - [Consumer clientId=consumer-calculator-1, groupId=calculator] Connection to node -1 (kafka/172.18.0.3:9092) could not be established. Node may not be available.
2025-09-16 16:56:18 [org.springframework.kafka.KafkaListenerEndpointContainer#0-0-C-1] WARN  [] o.apache.kafka.clients.NetworkClient - [Consumer clientId=consumer-calculator-1, groupId=calculator] Bootstrap broker kafka:9092 (id: -1 rack: null) disconnected
2025-09-16 16:56:19 [org.springframework.kafka.KafkaListenerEndpointContainer#0-0-C-1] INFO  [] o.apache.kafka.clients.NetworkClient - [Consumer clientId=consumer-calculator-1, groupId=calculator] Node -1 disconnected.
2025-09-16 16:56:19 [org.springframework.kafka.KafkaListenerEndpointContainer#0-0-C-1] WARN  [] o.apache.kafka.clients.NetworkClient - [Consumer clientId=consumer-calculator-1, groupId=calculator] Connection to node -1 (kafka/172.18.0.3:9092) could not be established. Node may not be available.
2025-09-16 16:56:19 [org.springframework.kafka.KafkaListenerEndpointContainer#0-0-C-1] WARN  [] o.apache.kafka.clients.NetworkClient - [Consumer clientId=consumer-calculator-1, groupId=calculator] Bootstrap broker kafka:9092 (id: -1 rack: null) disconnected
2025-09-16 16:56:19 [org.springframework.kafka.KafkaListenerEndpointContainer#0-0-C-1] INFO  [] o.apache.kafka.clients.NetworkClient - [Consumer clientId=consumer-calculator-1, groupId=calculator] Node -1 disconnected.
2025-09-16 16:56:19 [org.springframework.kafka.KafkaListenerEndpointContainer#0-0-C-1] WARN  [] o.apache.kafka.clients.NetworkClient - [Consumer clientId=consumer-calculator-1, groupId=calculator] Connection to node -1 (kafka/172.18.0.3:9092) could not be established. Node may not be available.
2025-09-16 16:56:19 [org.springframework.kafka.KafkaListenerEndpointContainer#0-0-C-1] WARN  [] o.apache.kafka.clients.NetworkClient - [Consumer clientId=consumer-calculator-1, groupId=calculator] Bootstrap broker kafka:9092 (id: -1 rack: null) disconnected
2025-09-16 16:56:19 [org.springframework.kafka.KafkaListenerEndpointContainer#0-0-C-1] INFO  [] o.apache.kafka.clients.NetworkClient - [Consumer clientId=consumer-calculator-1, groupId=calculator] Node -1 disconnected.
2025-09-16 16:56:19 [org.springframework.kafka.KafkaListenerEndpointContainer#0-0-C-1] WARN  [] o.apache.kafka.clients.NetworkClient - [Consumer clientId=consumer-calculator-1, groupId=calculator] Connection to node -1 (kafka/172.18.0.3:9092) could not be established. Node may not be available.
2025-09-16 16:56:19 [org.springframework.kafka.KafkaListenerEndpointContainer#0-0-C-1] WARN  [] o.apache.kafka.clients.NetworkClient - [Consumer clientId=consumer-calculator-1, groupId=calculator] Bootstrap broker kafka:9092 (id: -1 rack: null) disconnected
2025-09-16 16:56:20 [org.springframework.kafka.KafkaListenerEndpointContainer#0-0-C-1] INFO  [] o.apache.kafka.clients.NetworkClient - [Consumer clientId=consumer-calculator-1, groupId=calculator] Node -1 disconnected.
2025-09-16 16:56:20 [org.springframework.kafka.KafkaListenerEndpointContainer#0-0-C-1] WARN  [] o.apache.kafka.clients.NetworkClient - [Consumer clientId=consumer-calculator-1, groupId=calculator] Connection to node -1 (kafka/172.18.0.3:9092) could not be established. Node may not be available.
2025-09-16 16:56:20 [org.springframework.kafka.KafkaListenerEndpointContainer#0-0-C-1] WARN  [] o.apache.kafka.clients.NetworkClient - [Consumer clientId=consumer-calculator-1, groupId=calculator] Bootstrap broker kafka:9092 (id: -1 rack: null) disconnected
2025-09-16 16:56:21 [org.springframework.kafka.KafkaListenerEndpointContainer#0-0-C-1] INFO  [] o.apache.kafka.clients.NetworkClient - [Consumer clientId=consumer-calculator-1, groupId=calculator] Node -1 disconnected.
2025-09-16 16:56:21 [org.springframework.kafka.KafkaListenerEndpointContainer#0-0-C-1] WARN  [] o.apache.kafka.clients.NetworkClient - [Consumer clientId=consumer-calculator-1, groupId=calculator] Connection to node -1 (kafka/172.18.0.3:9092) could not be established. Node may not be available.
2025-09-16 16:56:21 [org.springframework.kafka.KafkaListenerEndpointContainer#0-0-C-1] WARN  [] o.apache.kafka.clients.NetworkClient - [Consumer clientId=consumer-calculator-1, groupId=calculator] Bootstrap broker kafka:9092 (id: -1 rack: null) disconnected
2025-09-16 16:56:22 [org.springframework.kafka.KafkaListenerEndpointContainer#0-0-C-1] INFO  [] o.apache.kafka.clients.NetworkClient - [Consumer clientId=consumer-calculator-1, groupId=calculator] Node -1 disconnected.
2025-09-16 16:56:22 [org.springframework.kafka.KafkaListenerEndpointContainer#0-0-C-1] WARN  [] o.apache.kafka.clients.NetworkClient - [Consumer clientId=consumer-calculator-1, groupId=calculator] Connection to node -1 (kafka/172.18.0.3:9092) could not be established. Node may not be available.
2025-09-16 16:56:22 [org.springframework.kafka.KafkaListenerEndpointContainer#0-0-C-1] WARN  [] o.apache.kafka.clients.NetworkClient - [Consumer clientId=consumer-calculator-1, groupId=calculator] Bootstrap broker kafka:9092 (id: -1 rack: null) disconnected
2025-09-16 16:56:23 [org.springframework.kafka.KafkaListenerEndpointContainer#0-0-C-1] INFO  [] o.apache.kafka.clients.NetworkClient - [Consumer clientId=consumer-calculator-1, groupId=calculator] Node -1 disconnected.
2025-09-16 16:56:23 [org.springframework.kafka.KafkaListenerEndpointContainer#0-0-C-1] WARN  [] o.apache.kafka.clients.NetworkClient - [Consumer clientId=consumer-calculator-1, groupId=calculator] Connection to node -1 (kafka/172.18.0.3:9092) could not be established. Node may not be available.
2025-09-16 16:56:23 [org.springframework.kafka.KafkaListenerEndpointContainer#0-0-C-1] WARN  [] o.apache.kafka.clients.NetworkClient - [Consumer clientId=consumer-calculator-1, groupId=calculator] Bootstrap broker kafka:9092 (id: -1 rack: null) disconnected
2025-09-16 16:56:25 [org.springframework.kafka.KafkaListenerEndpointContainer#0-0-C-1] WARN  [] o.apache.kafka.clients.NetworkClient - [Consumer clientId=consumer-calculator-1, groupId=calculator] The metadata response from the cluster reported a recoverable issue with correlation id 3 : {calculator-requests=LEADER_NOT_AVAILABLE}
2025-09-16 16:56:25 [org.springframework.kafka.KafkaListenerEndpointContainer#0-0-C-1] INFO  [] org.apache.kafka.clients.Metadata - [Consumer clientId=consumer-calculator-1, groupId=calculator] Cluster ID: wE09k9TSQg2mI3JdjNHCzQ
2025-09-16 16:56:25 [org.springframework.kafka.KafkaListenerEndpointContainer#0-0-C-1] WARN  [] o.apache.kafka.clients.NetworkClient - [Consumer clientId=consumer-calculator-1, groupId=calculator] The metadata response from the cluster reported a recoverable issue with correlation id 8 : {calculator-requests=LEADER_NOT_AVAILABLE}
2025-09-16 16:56:25 [org.springframework.kafka.KafkaListenerEndpointContainer#0-0-C-1] INFO  [] o.a.k.c.c.i.ConsumerCoordinator - [Consumer clientId=consumer-calculator-1, groupId=calculator] Discovered group coordinator kafka:9092 (id: 2147483646 rack: null)
2025-09-16 16:56:25 [org.springframework.kafka.KafkaListenerEndpointContainer#0-0-C-1] INFO  [] o.a.k.c.c.i.ConsumerCoordinator - [Consumer clientId=consumer-calculator-1, groupId=calculator] (Re-)joining group
2025-09-16 16:56:25 [org.springframework.kafka.KafkaListenerEndpointContainer#0-0-C-1] INFO  [] o.a.k.c.c.i.ConsumerCoordinator - [Consumer clientId=consumer-calculator-1, groupId=calculator] Request joining group due to: need to re-join with the given member-id: consumer-calculator-1-b11af8f3-44ae-44ac-92d9-e18b5bbea1a0
2025-09-16 16:56:25 [org.springframework.kafka.KafkaListenerEndpointContainer#0-0-C-1] INFO  [] o.a.k.c.c.i.ConsumerCoordinator - [Consumer clientId=consumer-calculator-1, groupId=calculator] (Re-)joining group
2025-09-16 16:56:28 [org.springframework.kafka.KafkaListenerEndpointContainer#0-0-C-1] INFO  [] o.a.k.c.c.i.ConsumerCoordinator - [Consumer clientId=consumer-calculator-1, groupId=calculator] Successfully joined group with generation Generation{generationId=5, memberId='consumer-calculator-1-b11af8f3-44ae-44ac-92d9-e18b5bbea1a0', protocol='range'}
2025-09-16 16:56:28 [org.springframework.kafka.KafkaListenerEndpointContainer#0-0-C-1] INFO  [] o.a.k.c.c.i.ConsumerCoordinator - [Consumer clientId=consumer-calculator-1, groupId=calculator] Finished assignment for group at generation 5: {consumer-calculator-1-b11af8f3-44ae-44ac-92d9-e18b5bbea1a0=Assignment(partitions=[calculator-requests-0])}
2025-09-16 16:56:28 [org.springframework.kafka.KafkaListenerEndpointContainer#0-0-C-1] INFO  [] o.a.k.c.c.i.ConsumerCoordinator - [Consumer clientId=consumer-calculator-1, groupId=calculator] Successfully synced group in generation Generation{generationId=5, memberId='consumer-calculator-1-b11af8f3-44ae-44ac-92d9-e18b5bbea1a0', protocol='range'}
2025-09-16 16:56:28 [org.springframework.kafka.KafkaListenerEndpointContainer#0-0-C-1] INFO  [] o.a.k.c.c.i.ConsumerCoordinator - [Consumer clientId=consumer-calculator-1, groupId=calculator] Notifying assignor about the new Assignment(partitions=[calculator-requests-0])
2025-09-16 16:56:28 [org.springframework.kafka.KafkaListenerEndpointContainer#0-0-C-1] INFO  [] o.a.k.c.c.i.ConsumerRebalanceListenerInvoker - [Consumer clientId=consumer-calculator-1, groupId=calculator] Adding newly assigned partitions: calculator-requests-0
2025-09-16 16:56:28 [org.springframework.kafka.KafkaListenerEndpointContainer#0-0-C-1] INFO  [] o.a.k.c.c.internals.ConsumerUtils - Setting offset for partition calculator-requests-0 to the committed offset FetchPosition{offset=4, offsetEpoch=Optional.empty, currentLeader=LeaderAndEpoch{leader=Optional[kafka:9092 (id: 1 rack: null)], epoch=0}}
2025-09-16 16:56:28 [org.springframework.kafka.KafkaListenerEndpointContainer#0-0-C-1] INFO  [] o.s.k.l.KafkaMessageListenerContainer - calculator: partitions assigned: [calculator-requests-0]
2025-09-16 16:56:35 [org.springframework.kafka.KafkaListenerEndpointContainer#0-0-C-1] INFO  [] c.b.c.CalculatorKafkaListener - Mensagem recebida no módulo calculator: {
  "requestId" : "d2c38003-0da0-4764-907c-4178a4ae6a4f",
  "operation" : "sum",
  "a" : 12.5,
  "b" : 9.5878
}
2025-09-16 16:56:35 [org.springframework.kafka.KafkaListenerEndpointContainer#0-0-C-1] INFO  [d2c38003-0da0-4764-907c-4178a4ae6a4f] c.b.c.CalculatorKafkaListener - A processar operação: sum para requestId: d2c38003-0da0-4764-907c-4178a4ae6a4f
2025-09-16 16:56:35 [org.springframework.kafka.KafkaListenerEndpointContainer#0-0-C-1] INFO  [d2c38003-0da0-4764-907c-4178a4ae6a4f] c.b.c.CalculatorKafkaListener - Operação sum executada com sucesso para requestId d2c38003-0da0-4764-907c-4178a4ae6a4f: 22.0878
2025-09-16 16:56:35 [org.springframework.kafka.KafkaListenerEndpointContainer#0-0-C-1] INFO  [d2c38003-0da0-4764-907c-4178a4ae6a4f] c.b.c.CalculatorKafkaListener - A enviar resposta para tópico calculator-responses com status CONCLUIDO: requestId=d2c38003-0da0-4764-907c-4178a4ae6a4f
2025-09-16 16:56:35 [org.springframework.kafka.KafkaListenerEndpointContainer#0-0-C-1] INFO  [d2c38003-0da0-4764-907c-4178a4ae6a4f] o.a.k.c.producer.ProducerConfig - ProducerConfig values: 
	acks = -1
	auto.include.jmx.reporter = true
	batch.size = 16384
	bootstrap.servers = [kafka:9092]
	buffer.memory = 33554432
	client.dns.lookup = use_all_dns_ips
	client.id = calculator-service-producer-1
	compression.gzip.level = -1
	compression.lz4.level = 9
	compression.type = none
	compression.zstd.level = 3
	connections.max.idle.ms = 540000
	delivery.timeout.ms = 120000
	enable.idempotence = true
	enable.metrics.push = true
	interceptor.classes = []
	key.serializer = class org.apache.kafka.common.serialization.StringSerializer
	linger.ms = 0
	max.block.ms = 60000
	max.in.flight.requests.per.connection = 5
	max.request.size = 1048576
	metadata.max.age.ms = 300000
	metadata.max.idle.ms = 300000
	metadata.recovery.strategy = none
	metric.reporters = []
	metrics.num.samples = 2
	metrics.recording.level = INFO
	metrics.sample.window.ms = 30000
	partitioner.adaptive.partitioning.enable = true
	partitioner.availability.timeout.ms = 0
	partitioner.class = null
	partitioner.ignore.keys = false
	receive.buffer.bytes = 32768
	reconnect.backoff.max.ms = 1000
	reconnect.backoff.ms = 50
	request.timeout.ms = 30000
	retries = 2147483647
	retry.backoff.max.ms = 1000
	retry.backoff.ms = 100
	sasl.client.callback.handler.class = null
	sasl.jaas.config = null
	sasl.kerberos.kinit.cmd = /usr/bin/kinit
	sasl.kerberos.min.time.before.relogin = 60000
	sasl.kerberos.service.name = null
	sasl.kerberos.ticket.renew.jitter = 0.05
	sasl.kerberos.ticket.renew.window.factor = 0.8
	sasl.login.callback.handler.class = null
	sasl.login.class = null
	sasl.login.connect.timeout.ms = null
	sasl.login.read.timeout.ms = null
	sasl.login.refresh.buffer.seconds = 300
	sasl.login.refresh.min.period.seconds = 60
	sasl.login.refresh.window.factor = 0.8
	sasl.login.refresh.window.jitter = 0.05
	sasl.login.retry.backoff.max.ms = 10000
	sasl.login.retry.backoff.ms = 100
	sasl.mechanism = GSSAPI
	sasl.oauthbearer.clock.skew.seconds = 30
	sasl.oauthbearer.expected.audience = null
	sasl.oauthbearer.expected.issuer = null
	sasl.oauthbearer.header.urlencode = false
	sasl.oauthbearer.jwks.endpoint.refresh.ms = 3600000
	sasl.oauthbearer.jwks.endpoint.retry.backoff.max.ms = 10000
	sasl.oauthbearer.jwks.endpoint.retry.backoff.ms = 100
	sasl.oauthbearer.jwks.endpoint.url = null
	sasl.oauthbearer.scope.claim.name = scope
	sasl.oauthbearer.sub.claim.name = sub
	sasl.oauthbearer.token.endpoint.url = null
	security.protocol = PLAINTEXT
	security.providers = null
	send.buffer.bytes = 131072
	socket.connection.setup.timeout.max.ms = 30000
	socket.connection.setup.timeout.ms = 10000
	ssl.cipher.suites = null
	ssl.enabled.protocols = [TLSv1.2, TLSv1.3]
	ssl.endpoint.identification.algorithm = https
	ssl.engine.factory.class = null
	ssl.key.password = null
	ssl.keymanager.algorithm = SunX509
	ssl.keystore.certificate.chain = null
	ssl.keystore.key = null
	ssl.keystore.location = null
	ssl.keystore.password = null
	ssl.keystore.type = JKS
	ssl.protocol = TLSv1.3
	ssl.provider = null
	ssl.secure.random.implementation = null
	ssl.trustmanager.algorithm = PKIX
	ssl.truststore.certificates = null
	ssl.truststore.location = null
	ssl.truststore.password = null
	ssl.truststore.type = JKS
	transaction.timeout.ms = 60000
	transactional.id = null
	value.serializer = class org.apache.kafka.common.serialization.StringSerializer

2025-09-16 16:56:35 [org.springframework.kafka.KafkaListenerEndpointContainer#0-0-C-1] INFO  [d2c38003-0da0-4764-907c-4178a4ae6a4f] o.a.k.c.t.i.KafkaMetricsCollector - initializing Kafka metrics collector
2025-09-16 16:56:35 [org.springframework.kafka.KafkaListenerEndpointContainer#0-0-C-1] INFO  [d2c38003-0da0-4764-907c-4178a4ae6a4f] o.a.k.clients.producer.KafkaProducer - [Producer clientId=calculator-service-producer-1] Instantiated an idempotent producer.
2025-09-16 16:56:35 [org.springframework.kafka.KafkaListenerEndpointContainer#0-0-C-1] INFO  [d2c38003-0da0-4764-907c-4178a4ae6a4f] o.a.kafka.common.utils.AppInfoParser - Kafka version: 3.9.1
2025-09-16 16:56:35 [org.springframework.kafka.KafkaListenerEndpointContainer#0-0-C-1] INFO  [d2c38003-0da0-4764-907c-4178a4ae6a4f] o.a.kafka.common.utils.AppInfoParser - Kafka commitId: f745dfdcee2b9851
2025-09-16 16:56:35 [org.springframework.kafka.KafkaListenerEndpointContainer#0-0-C-1] INFO  [d2c38003-0da0-4764-907c-4178a4ae6a4f] o.a.kafka.common.utils.AppInfoParser - Kafka startTimeMs: 1758041795747
2025-09-16 16:56:35 [kafka-producer-network-thread | calculator-service-producer-1] INFO  [] org.apache.kafka.clients.Metadata - [Producer clientId=calculator-service-producer-1] Cluster ID: wE09k9TSQg2mI3JdjNHCzQ
2025-09-16 16:56:35 [kafka-producer-network-thread | calculator-service-producer-1] INFO  [] o.a.k.c.p.i.TransactionManager - [Producer clientId=calculator-service-producer-1] ProducerId set to 2001 with epoch 0
2025-09-16 16:56:35 [kafka-producer-network-thread | calculator-service-producer-1] DEBUG [] c.b.c.CalculatorKafkaListener - Resposta enviada com sucesso para Kafka: requestId=d2c38003-0da0-4764-907c-4178a4ae6a4f
2025-09-16 16:56:48 [org.springframework.kafka.KafkaListenerEndpointContainer#0-0-C-1] INFO  [] c.b.c.CalculatorKafkaListener - Mensagem recebida no módulo calculator: {
  "requestId" : "bcc98641-383a-41db-8e1e-18825cdcecfa",
  "operation" : "sum",
  "a" : 12.5,
  "b" : -9.5878
}
2025-09-16 16:56:48 [org.springframework.kafka.KafkaListenerEndpointContainer#0-0-C-1] INFO  [bcc98641-383a-41db-8e1e-18825cdcecfa] c.b.c.CalculatorKafkaListener - A processar operação: sum para requestId: bcc98641-383a-41db-8e1e-18825cdcecfa
2025-09-16 16:56:48 [org.springframework.kafka.KafkaListenerEndpointContainer#0-0-C-1] INFO  [bcc98641-383a-41db-8e1e-18825cdcecfa] c.b.c.CalculatorKafkaListener - Operação sum executada com sucesso para requestId bcc98641-383a-41db-8e1e-18825cdcecfa: 2.9122
2025-09-16 16:56:48 [org.springframework.kafka.KafkaListenerEndpointContainer#0-0-C-1] INFO  [bcc98641-383a-41db-8e1e-18825cdcecfa] c.b.c.CalculatorKafkaListener - A enviar resposta para tópico calculator-responses com status CONCLUIDO: requestId=bcc98641-383a-41db-8e1e-18825cdcecfa
2025-09-16 16:56:48 [kafka-producer-network-thread | calculator-service-producer-1] DEBUG [] c.b.c.CalculatorKafkaListener - Resposta enviada com sucesso para Kafka: requestId=bcc98641-383a-41db-8e1e-18825cdcecfa
2025-09-16 16:59:49 [org.springframework.kafka.KafkaListenerEndpointContainer#0-0-C-1] INFO  [] o.a.k.c.c.i.ConsumerRebalanceListenerInvoker - [Consumer clientId=consumer-calculator-1, groupId=calculator] Revoke previously assigned partitions calculator-requests-0
2025-09-16 16:59:49 [org.springframework.kafka.KafkaListenerEndpointContainer#0-0-C-1] INFO  [] o.s.k.l.KafkaMessageListenerContainer - calculator: partitions revoked: [calculator-requests-0]
2025-09-16 16:59:49 [org.springframework.kafka.KafkaListenerEndpointContainer#0-0-C-1] INFO  [] o.a.k.c.c.i.ConsumerCoordinator - [Consumer clientId=consumer-calculator-1, groupId=calculator] Member consumer-calculator-1-b11af8f3-44ae-44ac-92d9-e18b5bbea1a0 sending LeaveGroup request to coordinator kafka:9092 (id: 2147483646 rack: null) due to the consumer unsubscribed from all topics
2025-09-16 16:59:49 [org.springframework.kafka.KafkaListenerEndpointContainer#0-0-C-1] INFO  [] o.a.k.c.c.i.ConsumerCoordinator - [Consumer clientId=consumer-calculator-1, groupId=calculator] Resetting generation and member id due to: consumer pro-actively leaving the group
2025-09-16 16:59:49 [org.springframework.kafka.KafkaListenerEndpointContainer#0-0-C-1] INFO  [] o.a.k.c.c.i.ConsumerCoordinator - [Consumer clientId=consumer-calculator-1, groupId=calculator] Request joining group due to: consumer pro-actively leaving the group
2025-09-16 16:59:49 [org.springframework.kafka.KafkaListenerEndpointContainer#0-0-C-1] INFO  [] o.a.k.c.c.i.ClassicKafkaConsumer - [Consumer clientId=consumer-calculator-1, groupId=calculator] Unsubscribed all topics or patterns and assigned partitions
2025-09-16 16:59:49 [org.springframework.kafka.KafkaListenerEndpointContainer#0-0-C-1] INFO  [] o.a.k.c.c.i.ConsumerCoordinator - [Consumer clientId=consumer-calculator-1, groupId=calculator] Resetting generation and member id due to: consumer pro-actively leaving the group
2025-09-16 16:59:49 [org.springframework.kafka.KafkaListenerEndpointContainer#0-0-C-1] INFO  [] o.a.k.c.c.i.ConsumerCoordinator - [Consumer clientId=consumer-calculator-1, groupId=calculator] Request joining group due to: consumer pro-actively leaving the group
2025-09-16 16:59:49 [org.springframework.kafka.KafkaListenerEndpointContainer#0-0-C-1] INFO  [] o.a.kafka.common.metrics.Metrics - Metrics scheduler closed
2025-09-16 16:59:49 [org.springframework.kafka.KafkaListenerEndpointContainer#0-0-C-1] INFO  [] o.a.kafka.common.metrics.Metrics - Closing reporter org.apache.kafka.common.metrics.JmxReporter
2025-09-16 16:59:49 [org.springframework.kafka.KafkaListenerEndpointContainer#0-0-C-1] INFO  [] o.a.kafka.common.metrics.Metrics - Closing reporter org.apache.kafka.common.telemetry.internals.ClientTelemetryReporter
2025-09-16 16:59:49 [org.springframework.kafka.KafkaListenerEndpointContainer#0-0-C-1] INFO  [] o.a.kafka.common.metrics.Metrics - Metrics reporters closed
2025-09-16 16:59:49 [org.springframework.kafka.KafkaListenerEndpointContainer#0-0-C-1] INFO  [] o.a.kafka.common.utils.AppInfoParser - App info kafka.consumer for consumer-calculator-1 unregistered
2025-09-16 16:59:49 [org.springframework.kafka.KafkaListenerEndpointContainer#0-0-C-1] INFO  [] o.s.k.l.KafkaMessageListenerContainer - calculator: Consumer stopped
2025-09-16 16:59:49 [SpringApplicationShutdownHook] INFO  [] o.s.b.w.e.tomcat.GracefulShutdown - Commencing graceful shutdown. Waiting for active requests to complete
2025-09-16 16:59:49 [tomcat-shutdown] INFO  [] o.s.b.w.e.tomcat.GracefulShutdown - Graceful shutdown complete
2025-09-16 16:59:49 [SpringApplicationShutdownHook] INFO  [] o.a.k.clients.producer.KafkaProducer - [Producer clientId=calculator-service-producer-1] Closing the Kafka producer with timeoutMillis = 30000 ms.
2025-09-16 16:59:49 [SpringApplicationShutdownHook] INFO  [] o.a.kafka.common.metrics.Metrics - Metrics scheduler closed
2025-09-16 16:59:49 [SpringApplicationShutdownHook] INFO  [] o.a.kafka.common.metrics.Metrics - Closing reporter org.apache.kafka.common.metrics.JmxReporter
2025-09-16 16:59:49 [SpringApplicationShutdownHook] INFO  [] o.a.kafka.common.metrics.Metrics - Closing reporter org.apache.kafka.common.telemetry.internals.ClientTelemetryReporter
2025-09-16 16:59:49 [SpringApplicationShutdownHook] INFO  [] o.a.kafka.common.metrics.Metrics - Metrics reporters closed
2025-09-16 16:59:49 [SpringApplicationShutdownHook] INFO  [] o.a.kafka.common.utils.AppInfoParser - App info kafka.producer for calculator-service-producer-1 unregistered
